-------------------------------------------------------------------------------
Test set: ShortWordsTest
-------------------------------------------------------------------------------
Tests run: 8, Failures: 7, Errors: 0, Skipped: 0, Time elapsed: 0.012 sec <<< FAILURE!
ShortWordsTest.testFindShortWords()  Time elapsed: 0.002 sec  <<< FAILURE!
java.lang.NullPointerException: Cannot invoke "ShortWords.findShortWords(String[])" because "ShortWordsTest.sut" is null
	at ShortWordsTest.testFindShortWords(ShortWordsTest.java:31)

ShortWordsTest.testFindShortWordsNoThrows()  Time elapsed: 0.008 sec  <<< FAILURE!
org.opentest4j.AssertionFailedError: Unexpected exception thrown: java.lang.NullPointerException: Cannot invoke "ShortWords.findShortWords(String[])" because "ShortWordsTest.sut" is null
	at org.junit.jupiter.api.AssertionFailureBuilder.build(AssertionFailureBuilder.java:152)
	at org.junit.jupiter.api.AssertDoesNotThrow.createAssertionFailedError(AssertDoesNotThrow.java:84)
	at org.junit.jupiter.api.AssertDoesNotThrow.assertDoesNotThrow(AssertDoesNotThrow.java:75)
	at org.junit.jupiter.api.AssertDoesNotThrow.assertDoesNotThrow(AssertDoesNotThrow.java:58)
	at org.junit.jupiter.api.Assertions.assertDoesNotThrow(Assertions.java:3195)
	at ShortWordsTest.testFindShortWordsNoThrows(ShortWordsTest.java:77)
Caused by: java.lang.NullPointerException: Cannot invoke "ShortWords.findShortWords(String[])" because "ShortWordsTest.sut" is null
	at ShortWordsTest.lambda$testFindShortWordsNoThrows$0(ShortWordsTest.java:77)
	at org.junit.jupiter.api.AssertDoesNotThrow.assertDoesNotThrow(AssertDoesNotThrow.java:71)
	... 17 more

ShortWordsTest.testFindShortWordsIfNull()  Time elapsed: 0 sec  <<< FAILURE!
java.lang.NullPointerException: Cannot invoke "ShortWords.findShortWords(String[])" because "ShortWordsTest.sut" is null
	at ShortWordsTest.testFindShortWordsIfNull(ShortWordsTest.java:62)

ShortWordsTest.testFindShortWordsOnlyOne()  Time elapsed: 0.001 sec  <<< FAILURE!
java.lang.NullPointerException: Cannot invoke "ShortWords.findShortWords(String[])" because "ShortWordsTest.sut" is null
	at ShortWordsTest.testFindShortWordsOnlyOne(ShortWordsTest.java:47)

ShortWordsTest.testHamcrestFindShortWordsOnlyOne()  Time elapsed: 0 sec  <<< FAILURE!
java.lang.NullPointerException: Cannot invoke "ShortWords.findShortWords(String[])" because "ShortWordsTest.sut" is null
	at ShortWordsTest.testHamcrestFindShortWordsOnlyOne(ShortWordsTest.java:54)

ShortWordsTest.testHamcrestZipStrIfNull()  Time elapsed: 0.001 sec  <<< FAILURE!
java.lang.NullPointerException: Cannot invoke "ShortWords.zipStr(String)" because "ShortWordsTest.sut" is null
	at ShortWordsTest.testHamcrestZipStrIfNull(ShortWordsTest.java:69)

ShortWordsTest.testHamcrestFindShortWords()  Time elapsed: 0 sec  <<< FAILURE!
java.lang.NullPointerException: Cannot invoke "ShortWords.findShortWords(String[])" because "ShortWordsTest.sut" is null
	at ShortWordsTest.testHamcrestFindShortWords(ShortWordsTest.java:39)

